<?xml version="1.0" encoding="UTF-8"?>
<!-- Generated by org.testng.reporters.JUnitReportReporter -->
<testsuite hostname="DESKTOP-O95D2L4" failures="0" tests="4" name="testCases.TC02_Registration_InvalidCredentials" time="19.720" errors="0" timestamp="2024-08-07T00:48:31 CEST" skipped="0">
  <testcase classname="testCases.TC02_Registration_InvalidCredentials" name="VerifyRegistration_InvalidPaswordCredential" time="4.945"/>
  <testcase classname="testCases.TC02_Registration_InvalidCredentials" name="VerifyRegistration_InvalidPaswordCredential" time="5.571"/>
  <testcase classname="testCases.TC02_Registration_InvalidCredentials" name="VerifyRegistration_InvalidPaswordCredential" time="4.587"/>
  <testcase classname="testCases.TC02_Registration_InvalidCredentials" name="VerifyRegistration_InvalidPaswordCredential" time="4.617"/>
</testsuite> <!-- testCases.TC02_Registration_InvalidCredentials -->
