<?xml version="1.0" encoding="UTF-8"?>
<!-- Generated by org.testng.reporters.JUnitReportReporter -->
<testsuite hostname="DESKTOP-O95D2L4" failures="0" tests="5" name="testCases.TC01_Registration" time="29.424" errors="0" timestamp="2024-08-06T23:57:13 CEST" skipped="0">
  <testcase classname="testCases.TC01_Registration" name="VerifyRegistration_InvalidMailCredential" time="5.129"/>
  <testcase classname="testCases.TC01_Registration" name="VerifyRegistration_InvalidMailCredential" time="5.355"/>
  <testcase classname="testCases.TC01_Registration" name="VerifyRegistration_InvalidMailCredential" time="8.877"/>
  <testcase classname="testCases.TC01_Registration" name="VerifyRegistration_InvalidMailCredential" time="5.376"/>
  <testcase classname="testCases.TC01_Registration" name="VerifyRegistration_InvalidMailCredential" time="4.687"/>
</testsuite> <!-- testCases.TC01_Registration -->
