<?xml version="1.0" encoding="UTF-8"?>
<!-- Generated by org.testng.reporters.JUnitReportReporter -->
<testsuite hostname="DESKTOP-O95D2L4" failures="0" tests="1" name="testCases.TC03_Login" time="8.082" errors="0" timestamp="2024-08-07T02:15:43 CEST" skipped="0">
  <testcase classname="testCases.TC03_Login" name="leaveAllAndClick" time="8.082"/>
</testsuite> <!-- testCases.TC03_Login -->
