<?xml version="1.0" encoding="UTF-8"?>
<!-- Generated by org.testng.reporters.JUnitReportReporter -->
<testsuite hostname="DESKTOP-O95D2L4" failures="0" tests="1" name="testCases.TC002_LoginTest" time="2.192" errors="0" timestamp="2024-08-04T22:36:51 CEST" skipped="0">
  <testcase classname="testCases.TC002_LoginTest" name="verify_Login" time="2.192"/>
</testsuite> <!-- testCases.TC002_LoginTest -->
