<?xml version="1.0" encoding="UTF-8"?>
<!-- Generated by org.testng.reporters.JUnitReportReporter -->
<testsuite hostname="DESKTOP-O95D2L4" failures="0" tests="8" name="testCases.TC003_LoginDataProvider" time="62.128" errors="0" timestamp="2024-08-05T10:55:50 CEST" skipped="0">
  <testcase classname="testCases.TC003_LoginDataProvider" name="verifyLogin" time="11.846"/>
  <testcase classname="testCases.TC003_LoginDataProvider" name="verifyLogin" time="11.797"/>
  <testcase classname="testCases.TC003_LoginDataProvider" name="verifyLogin" time="12.538"/>
  <testcase classname="testCases.TC003_LoginDataProvider" name="verifyLogin" time="2.928"/>
  <testcase classname="testCases.TC003_LoginDataProvider" name="verifyLogin" time="4.144"/>
  <testcase classname="testCases.TC003_LoginDataProvider" name="verifyLogin" time="11.679"/>
  <testcase classname="testCases.TC003_LoginDataProvider" name="verifyLogin" time="4.144"/>
  <testcase classname="testCases.TC003_LoginDataProvider" name="verifyLogin" time="3.052"/>
</testsuite> <!-- testCases.TC003_LoginDataProvider -->
