<?xml version="1.0" encoding="UTF-8"?>
<!-- Generated by org.testng.reporters.JUnitReportReporter -->
<testsuite hostname="DESKTOP-O95D2L4" failures="0" tests="1" name="testCases.TC001_AccountRegistrationTest" time="4.108" errors="0" timestamp="2024-08-04T21:46:08 CEST" skipped="0">
  <testcase classname="testCases.TC001_AccountRegistrationTest" name="verify_account_registration" time="4.108"/>
</testsuite> <!-- testCases.TC001_AccountRegistrationTest -->
